# JRE version: OpenJDK Runtime Environment (11.0.6+10) (build 11.0.6+10)
# Java VM: OpenJDK 64-Bit Server VM (11.0.6+10, mixed mode, tiered, compressed oops, g1 gc, bsd-amd64)
Heap:
 garbage-first heap   total 131072K, used 13383K [0x0000000780000000, 0x0000000800000000)
  region size 1024K, 10 young (10240K), 5 survivors (5120K)
 Metaspace       used 28784K, capacity 29764K, committed 30080K, reserved 1075200K
  class space    used 3501K, capacity 3863K, committed 3968K, reserved 1048576K
GC Heap History (8 events):
Event: 1.070 GC heap before
{Heap before GC invocations=0 (full 0):
 garbage-first heap   total 131072K, used 24576K [0x0000000780000000, 0x0000000800000000)
  region size 1024K, 24 young (24576K), 0 survivors (0K)
 Metaspace       used 14574K, capacity 14953K, committed 15104K, reserved 1062912K
  class space    used 1573K, capacity 1730K, committed 1792K, reserved 1048576K
}
Event: 1.078 GC heap after
{Heap after GC invocations=1 (full 0):
 garbage-first heap   total 131072K, used 4890K [0x0000000780000000, 0x0000000800000000)
  region size 1024K, 3 young (3072K), 3 survivors (3072K)
 Metaspace       used 14574K, capacity 14953K, committed 15104K, reserved 1062912K
  class space    used 1573K, capacity 1730K, committed 1792K, reserved 1048576K
}
Event: 1.407 GC heap before
{Heap before GC invocations=1 (full 0):
 garbage-first heap   total 131072K, used 35610K [0x0000000780000000, 0x0000000800000000)
  region size 1024K, 35 young (35840K), 3 survivors (3072K)
 Metaspace       used 20453K, capacity 21069K, committed 21248K, reserved 1069056K
  class space    used 2321K, capacity 2535K, committed 2560K, reserved 1048576K
}
Event: 1.413 GC heap after
{Heap after GC invocations=2 (full 0):
 garbage-first heap   total 131072K, used 6578K [0x0000000780000000, 0x0000000800000000)
  region size 1024K, 5 young (5120K), 5 survivors (5120K)
 Metaspace       used 20453K, capacity 21069K, committed 21248K, reserved 1069056K
  class space    used 2321K, capacity 2535K, committed 2560K, reserved 1048576K
}
Event: 1.754 GC heap before
{Heap before GC invocations=3 (full 0):
 garbage-first heap   total 131072K, used 39346K [0x0000000780000000, 0x0000000800000000)
  region size 1024K, 37 young (37888K), 5 survivors (5120K)
 Metaspace       used 23925K, capacity 24780K, committed 24960K, reserved 1071104K
  class space    used 2809K, capacity 3151K, committed 3200K, reserved 1048576K
}
Event: 1.761 GC heap after
{Heap after GC invocations=4 (full 0):
 garbage-first heap   total 131072K, used 8266K [0x0000000780000000, 0x0000000800000000)
  region size 1024K, 4 young (4096K), 4 survivors (4096K)
 Metaspace       used 23925K, capacity 24780K, committed 24960K, reserved 1071104K
  class space    used 2809K, capacity 3151K, committed 3200K, reserved 1048576K
}
Event: 14.041 GC heap before
{Heap before GC invocations=4 (full 0):
 garbage-first heap   total 131072K, used 60490K [0x0000000780000000, 0x0000000800000000)
  region size 1024K, 55 young (56320K), 4 survivors (4096K)
 Metaspace       used 28170K, capacity 29071K, committed 29184K, reserved 1075200K
  class space    used 3406K, capacity 3762K, committed 3840K, reserved 1048576K
}
Event: 14.072 GC heap after
{Heap after GC invocations=5 (full 0):
 garbage-first heap   total 131072K, used 9287K [0x0000000780000000, 0x0000000800000000)
  region size 1024K, 5 young (5120K), 5 survivors (5120K)
 Metaspace       used 28170K, capacity 29071K, committed 29184K, reserved 1075200K
  class space    used 3406K, capacity 3762K, committed 3840K, reserved 1048576K
}

